Summary of SPARK analysis
=========================

--------------------------------------------------------------------------------------------
SPARK Analysis results        Total      Flow   CodePeer      Provers   Justified   Unproved
--------------------------------------------------------------------------------------------
Data Dependencies                 1         1          .            .           .          .
Flow Dependencies                 .         .          .            .           .          .
Initialization                    .         .          .            .           .          .
Non-Aliasing                      .         .          .            .           .          .
Run-time Checks                  19         .          .    19 (CVC4)           .          .
Assertions                        .         .          .            .           .          .
Functional Contracts              1         .          .     1 (CVC4)           .          .
LSP Verification                  .         .          .            .           .          .
Termination                       .         .          .            .           .          .
Concurrency                       .         .          .            .           .          .
--------------------------------------------------------------------------------------------
Total                            21    1 (5%)          .     20 (95%)           .          .


max steps used for successful proof: 1

Analyzed 2 units
in unit coursework, 7 subprograms and packages out of 7 analyzed
  coursework at coursework.ads:1 flow analyzed (0 errors, 0 checks and 0 warnings) and proved (0 checks)
  coursework.BurnFuel at coursework.adb:44 flow analyzed (0 errors, 0 checks and 0 warnings) and proved (3 checks)
  coursework.IncreaseAltitude at coursework.adb:36 flow analyzed (0 errors, 0 checks and 0 warnings) and proved (3 checks)
  coursework.MasterInvariant at coursework.ads:32 flow analyzed (0 errors, 0 checks and 0 warnings) and proved (0 checks)
  coursework.StatusReport at coursework.adb:7 flow analyzed (0 errors, 0 checks and 0 warnings) and proved (13 checks)
  coursework.TakeOff at coursework.ads:42 flow analyzed (0 errors, 0 checks and 0 warnings) and proved (1 checks)
  coursework.TakeOffInvariant at coursework.ads:37 flow analyzed (0 errors, 0 checks and 0 warnings) and proved (0 checks)
in unit main, 0 subprograms and packages out of 1 analyzed
  Main at main.adb:4 skipped
