Summary of SPARK analysis
=========================

-------------------------------------------------------------------------------------------
SPARK Analysis results        Total      Flow   CodePeer     Provers   Justified   Unproved
-------------------------------------------------------------------------------------------
Data Dependencies                 5         .          .           .           .          5
Flow Dependencies                 .         .          .           .           .          .
Initialization                    .         .          .           .           .          .
Non-Aliasing                      .         .          .           .           .          .
Run-time Checks                   .         .          .           .           .          .
Assertions                        .         .          .           .           .          .
Functional Contracts              1         .          .    1 (CVC4)           .          .
LSP Verification                  .         .          .           .           .          .
Termination                       .         .          .           .           .          .
Concurrency                       .         .          .           .           .          .
-------------------------------------------------------------------------------------------
Total                             6         .          .     1 (17%)           .    5 (83%)


max steps used for successful proof: 1

Analyzed 1 unit
in unit coursework, 3 subprograms and packages out of 3 analyzed
  coursework at coursework.ads:1 flow analyzed (0 errors, 0 checks and 0 warnings) and proved (0 checks)
  coursework.Invariant at coursework.ads:18 flow analyzed (0 errors, 0 checks and 0 warnings) and proved (0 checks)
  coursework.TakeOff at coursework.ads:23 flow analyzed (0 errors, 5 checks and 0 warnings) and proved (1 checks)
