Summary of SPARK analysis
=========================

-------------------------------------------------------------------------------------------
SPARK Analysis results        Total      Flow   CodePeer     Provers   Justified   Unproved
-------------------------------------------------------------------------------------------
Data Dependencies                 3         1          .           .           .          2
Flow Dependencies                 .         .          .           .           .          .
Initialization                    .         .          .           .           .          .
Non-Aliasing                      .         .          .           .           .          .
Run-time Checks                   6         .          .    6 (CVC4)           .          .
Assertions                        .         .          .           .           .          .
Functional Contracts              3         .          .    3 (CVC4)           .          .
LSP Verification                  .         .          .           .           .          .
Termination                       .         .          .           .           .          .
Concurrency                       .         .          .           .           .          .
-------------------------------------------------------------------------------------------
Total                            12    1 (8%)          .     9 (75%)           .    2 (17%)


max steps used for successful proof: 1

Analyzed 2 units
in unit coursework, 6 subprograms and packages out of 6 analyzed
  coursework at coursework.ads:1 flow analyzed (0 errors, 0 checks and 0 warnings) and proved (0 checks)
  coursework.BurnFuel at coursework.ads:56 flow analyzed (0 errors, 1 checks and 0 warnings) and proved (4 checks)
  coursework.IncreaseAltitude at coursework.ads:51 flow analyzed (0 errors, 1 checks and 0 warnings) and proved (4 checks)
  coursework.MasterInvariant at coursework.ads:32 flow analyzed (0 errors, 0 checks and 0 warnings) and proved (0 checks)
  coursework.TakeOff at coursework.ads:42 flow analyzed (0 errors, 0 checks and 0 warnings) and proved (1 checks)
  coursework.TakeOffInvariant at coursework.ads:37 flow analyzed (0 errors, 0 checks and 0 warnings) and proved (0 checks)
in unit main, 0 subprograms and packages out of 1 analyzed
  Main at main.adb:4 skipped
