Summary of SPARK analysis
=========================

--------------------------------------------------------------------------------------------
SPARK Analysis results        Total       Flow   CodePeer     Provers   Justified   Unproved
--------------------------------------------------------------------------------------------
Data Dependencies                 6          6          .           .           .          .
Flow Dependencies                 .          .          .           .           .          .
Initialization                    .          .          .           .           .          .
Non-Aliasing                      .          .          .           .           .          .
Run-time Checks                   2          .          .    2 (CVC4)           .          .
Assertions                        .          .          .           .           .          .
Functional Contracts              6          .          .    5 (CVC4)           .          1
LSP Verification                  .          .          .           .           .          .
Termination                       .          .          .           .           .          .
Concurrency                       .          .          .           .           .          .
--------------------------------------------------------------------------------------------
Total                            14    6 (43%)          .     7 (50%)           .     1 (7%)


max steps used for successful proof: 1

Analyzed 2 units
in unit coursework, 9 subprograms and packages out of 9 analyzed
  coursework at coursework.ads:1 flow analyzed (0 errors, 0 checks and 0 warnings) and proved (0 checks)
  coursework.BurnFuel at coursework.ads:72 flow analyzed (0 errors, 0 checks and 0 warnings) and proved (2 checks)
  coursework.EngineOnOff at coursework.ads:51 flow analyzed (0 errors, 0 checks and 0 warnings) and proved (1 checks)
  coursework.IncreaseAltitude at coursework.ads:67 flow analyzed (0 errors, 0 checks and 0 warnings) and proved (2 checks)
  coursework.MasterInvariant at coursework.ads:32 flow analyzed (0 errors, 0 checks and 0 warnings) and proved (0 checks)
  coursework.OpenShutCockpit at coursework.ads:62 flow analyzed (0 errors, 0 checks and 0 warnings) and not proved, 0 checks out of 1 proved
  coursework.SetFuel at coursework.ads:56 flow analyzed (0 errors, 0 checks and 0 warnings) and proved (1 checks)
  coursework.TakeOff at coursework.ads:42 flow analyzed (0 errors, 0 checks and 0 warnings) and proved (1 checks)
  coursework.TakeOffInvariant at coursework.ads:37 flow analyzed (0 errors, 0 checks and 0 warnings) and proved (0 checks)
in unit main, 0 subprograms and packages out of 1 analyzed
  Main at main.adb:4 skipped
