Summary of SPARK analysis
=========================

----------------------------------------------------------------------------------------------
SPARK Analysis results        Total        Flow   CodePeer      Provers   Justified   Unproved
----------------------------------------------------------------------------------------------
Data Dependencies                23          23          .            .           .          .
Flow Dependencies                 .           .          .            .           .          .
Initialization                    .           .          .            .           .          .
Non-Aliasing                      .           .          .            .           .          .
Run-time Checks                   5           .          .     5 (CVC4)           .          .
Assertions                        .           .          .            .           .          .
Functional Contracts             23           .          .    23 (CVC4)           .          .
LSP Verification                  .           .          .            .           .          .
Termination                       .           .          .            .           .          .
Concurrency                       .           .          .            .           .          .
----------------------------------------------------------------------------------------------
Total                            51    23 (45%)          .     28 (55%)           .          .


max steps used for successful proof: 1

Analyzed 2 units
in unit coursework, 26 subprograms and packages out of 26 analyzed
  coursework at coursework.ads:1 flow analyzed (0 errors, 0 checks and 0 warnings) and proved (0 checks)
  coursework.BurnFuel at coursework.ads:153 flow analyzed (0 errors, 0 checks and 0 warnings) and proved (2 checks)
  coursework.DecreaseAirspeed at coursework.ads:147 flow analyzed (0 errors, 0 checks and 0 warnings) and proved (2 checks)
  coursework.DecreaseAltitude at coursework.ads:136 flow analyzed (0 errors, 0 checks and 0 warnings) and proved (2 checks)
  coursework.EngineOff at coursework.ads:71 flow analyzed (0 errors, 0 checks and 0 warnings) and proved (1 checks)
  coursework.EngineOn at coursework.ads:65 flow analyzed (0 errors, 0 checks and 0 warnings) and proved (1 checks)
  coursework.InNormalFlight at coursework.ads:170 flow analyzed (0 errors, 0 checks and 0 warnings) and proved (1 checks)
  coursework.IncreaseAirspeed at coursework.ads:141 flow analyzed (0 errors, 0 checks and 0 warnings) and proved (2 checks)
  coursework.IncreaseAltitude at coursework.ads:131 flow analyzed (0 errors, 0 checks and 0 warnings) and proved (2 checks)
  coursework.Land at coursework.ads:177 flow analyzed (0 errors, 0 checks and 0 warnings) and proved (1 checks)
  coursework.LiftLandingGear at coursework.ads:158 flow analyzed (0 errors, 0 checks and 0 warnings) and proved (1 checks)
  coursework.LockCockpitDoor at coursework.ads:95 flow analyzed (0 errors, 0 checks and 0 warnings) and proved (1 checks)
  coursework.LockExternalDoors at coursework.ads:119 flow analyzed (0 errors, 0 checks and 0 warnings) and proved (1 checks)
  coursework.LowerLandingGear at coursework.ads:164 flow analyzed (0 errors, 0 checks and 0 warnings) and proved (1 checks)
  coursework.MasterInvariant at coursework.ads:46 flow analyzed (0 errors, 0 checks and 0 warnings) and proved (0 checks)
  coursework.OpenCockpitDoor at coursework.ads:83 flow analyzed (0 errors, 0 checks and 0 warnings) and proved (1 checks)
  coursework.OpenExternalDoors at coursework.ads:107 flow analyzed (0 errors, 0 checks and 0 warnings) and proved (1 checks)
  coursework.SetFuel at coursework.ads:77 flow analyzed (0 errors, 0 checks and 0 warnings) and proved (1 checks)
  coursework.ShutCockpitDoor at coursework.ads:89 flow analyzed (0 errors, 0 checks and 0 warnings) and proved (1 checks)
  coursework.ShutExternalDoors at coursework.ads:113 flow analyzed (0 errors, 0 checks and 0 warnings) and proved (1 checks)
  coursework.StopPlane at coursework.ads:182 flow analyzed (0 errors, 0 checks and 0 warnings) and proved (1 checks)
  coursework.TakeOff at coursework.ads:56 flow analyzed (0 errors, 0 checks and 0 warnings) and proved (1 checks)
  coursework.TakeOffInvariant at coursework.ads:51 flow analyzed (0 errors, 0 checks and 0 warnings) and proved (0 checks)
  coursework.TowPlane at coursework.ads:188 flow analyzed (0 errors, 0 checks and 0 warnings) and proved (1 checks)
  coursework.UnlockCockpitDoor at coursework.ads:101 flow analyzed (0 errors, 0 checks and 0 warnings) and proved (1 checks)
  coursework.UnlockExternalDoors at coursework.ads:125 flow analyzed (0 errors, 0 checks and 0 warnings) and proved (1 checks)
in unit main, 0 subprograms and packages out of 1 analyzed
  Main at main.adb:4 skipped
