Summary of SPARK analysis
=========================

----------------------------------------------------------------------------------------------
SPARK Analysis results        Total        Flow   CodePeer      Provers   Justified   Unproved
----------------------------------------------------------------------------------------------
Data Dependencies                17          17          .            .           .          .
Flow Dependencies                 .           .          .            .           .          .
Initialization                    .           .          .            .           .          .
Non-Aliasing                      .           .          .            .           .          .
Run-time Checks                   3           .          .     2 (CVC4)           .          1
Assertions                        .           .          .            .           .          .
Functional Contracts             17           .          .    17 (CVC4)           .          .
LSP Verification                  .           .          .            .           .          .
Termination                       .           .          .            .           .          .
Concurrency                       .           .          .            .           .          .
----------------------------------------------------------------------------------------------
Total                            37    17 (46%)          .     19 (51%)           .     1 (3%)


max steps used for successful proof: 1

Analyzed 2 units
in unit coursework, 20 subprograms and packages out of 20 analyzed
  coursework at coursework.ads:1 flow analyzed (0 errors, 0 checks and 0 warnings) and proved (0 checks)
  coursework.BurnFuel at coursework.ads:134 flow analyzed (0 errors, 0 checks and 0 warnings) and proved (2 checks)
  coursework.EngineOff at coursework.ads:64 flow analyzed (0 errors, 0 checks and 0 warnings) and proved (1 checks)
  coursework.EngineOn at coursework.ads:58 flow analyzed (0 errors, 0 checks and 0 warnings) and proved (1 checks)
  coursework.InNormalFlight at coursework.ads:145 flow analyzed (0 errors, 0 checks and 0 warnings) and proved (1 checks)
  coursework.IncreaseAirspeed at coursework.ads:129 flow analyzed (0 errors, 0 checks and 0 warnings) and not proved, 1 checks out of 2 proved
  coursework.IncreaseAltitude at coursework.ads:124 flow analyzed (0 errors, 0 checks and 0 warnings) and proved (2 checks)
  coursework.LiftLandingGear at coursework.ads:139 flow analyzed (0 errors, 0 checks and 0 warnings) and proved (1 checks)
  coursework.LockCockpitDoor at coursework.ads:88 flow analyzed (0 errors, 0 checks and 0 warnings) and proved (1 checks)
  coursework.LockExternalDoors at coursework.ads:112 flow analyzed (0 errors, 0 checks and 0 warnings) and proved (1 checks)
  coursework.MasterInvariant at coursework.ads:39 flow analyzed (0 errors, 0 checks and 0 warnings) and proved (0 checks)
  coursework.OpenCockpitDoor at coursework.ads:76 flow analyzed (0 errors, 0 checks and 0 warnings) and proved (1 checks)
  coursework.OpenExternalDoors at coursework.ads:100 flow analyzed (0 errors, 0 checks and 0 warnings) and proved (1 checks)
  coursework.SetFuel at coursework.ads:70 flow analyzed (0 errors, 0 checks and 0 warnings) and proved (1 checks)
  coursework.ShutCockpitDoor at coursework.ads:82 flow analyzed (0 errors, 0 checks and 0 warnings) and proved (1 checks)
  coursework.ShutExternalDoors at coursework.ads:106 flow analyzed (0 errors, 0 checks and 0 warnings) and proved (1 checks)
  coursework.TakeOff at coursework.ads:49 flow analyzed (0 errors, 0 checks and 0 warnings) and proved (1 checks)
  coursework.TakeOffInvariant at coursework.ads:44 flow analyzed (0 errors, 0 checks and 0 warnings) and proved (0 checks)
  coursework.UnlockCockpitDoor at coursework.ads:94 flow analyzed (0 errors, 0 checks and 0 warnings) and proved (1 checks)
  coursework.UnlockExternalDoors at coursework.ads:118 flow analyzed (0 errors, 0 checks and 0 warnings) and proved (1 checks)
in unit main, 0 subprograms and packages out of 1 analyzed
  Main at main.adb:4 skipped
