Summary of SPARK analysis
=========================

----------------------------------------------------------------------------------------------
SPARK Analysis results        Total        Flow   CodePeer      Provers   Justified   Unproved
----------------------------------------------------------------------------------------------
Data Dependencies                23          23          .            .           .          .
Flow Dependencies                 .           .          .            .           .          .
Initialization                    .           .          .            .           .          .
Non-Aliasing                      .           .          .            .           .          .
Run-time Checks                   5           .          .     5 (CVC4)           .          .
Assertions                        .           .          .            .           .          .
Functional Contracts             23           .          .    23 (CVC4)           .          .
LSP Verification                  .           .          .            .           .          .
Termination                       .           .          .            .           .          .
Concurrency                       .           .          .            .           .          .
----------------------------------------------------------------------------------------------
Total                            51    23 (45%)          .     28 (55%)           .          .


max steps used for successful proof: 1

Analyzed 2 units
in unit coursework, 26 subprograms and packages out of 26 analyzed
  coursework at coursework.ads:1 flow analyzed (0 errors, 0 checks and 0 warnings) and proved (0 checks)
  coursework.BurnFuel at coursework.ads:157 flow analyzed (0 errors, 0 checks and 0 warnings) and proved (2 checks)
  coursework.DecreaseAirspeed at coursework.ads:151 flow analyzed (0 errors, 0 checks and 0 warnings) and proved (2 checks)
  coursework.DecreaseAltitude at coursework.ads:140 flow analyzed (0 errors, 0 checks and 0 warnings) and proved (2 checks)
  coursework.EngineOff at coursework.ads:75 flow analyzed (0 errors, 0 checks and 0 warnings) and proved (1 checks)
  coursework.EngineOn at coursework.ads:69 flow analyzed (0 errors, 0 checks and 0 warnings) and proved (1 checks)
  coursework.InNormalFlight at coursework.ads:174 flow analyzed (0 errors, 0 checks and 0 warnings) and proved (1 checks)
  coursework.IncreaseAirspeed at coursework.ads:145 flow analyzed (0 errors, 0 checks and 0 warnings) and proved (2 checks)
  coursework.IncreaseAltitude at coursework.ads:135 flow analyzed (0 errors, 0 checks and 0 warnings) and proved (2 checks)
  coursework.Land at coursework.ads:181 flow analyzed (0 errors, 0 checks and 0 warnings) and proved (1 checks)
  coursework.LiftLandingGear at coursework.ads:162 flow analyzed (0 errors, 0 checks and 0 warnings) and proved (1 checks)
  coursework.LockCockpitDoor at coursework.ads:99 flow analyzed (0 errors, 0 checks and 0 warnings) and proved (1 checks)
  coursework.LockExternalDoors at coursework.ads:123 flow analyzed (0 errors, 0 checks and 0 warnings) and proved (1 checks)
  coursework.LowerLandingGear at coursework.ads:168 flow analyzed (0 errors, 0 checks and 0 warnings) and proved (1 checks)
  coursework.MasterInvariant at coursework.ads:50 flow analyzed (0 errors, 0 checks and 0 warnings) and proved (0 checks)
  coursework.OpenCockpitDoor at coursework.ads:87 flow analyzed (0 errors, 0 checks and 0 warnings) and proved (1 checks)
  coursework.OpenExternalDoors at coursework.ads:111 flow analyzed (0 errors, 0 checks and 0 warnings) and proved (1 checks)
  coursework.SetFuel at coursework.ads:81 flow analyzed (0 errors, 0 checks and 0 warnings) and proved (1 checks)
  coursework.ShutCockpitDoor at coursework.ads:93 flow analyzed (0 errors, 0 checks and 0 warnings) and proved (1 checks)
  coursework.ShutExternalDoors at coursework.ads:117 flow analyzed (0 errors, 0 checks and 0 warnings) and proved (1 checks)
  coursework.StopPlane at coursework.ads:186 flow analyzed (0 errors, 0 checks and 0 warnings) and proved (1 checks)
  coursework.TakeOff at coursework.ads:60 flow analyzed (0 errors, 0 checks and 0 warnings) and proved (1 checks)
  coursework.TakeOffInvariant at coursework.ads:55 flow analyzed (0 errors, 0 checks and 0 warnings) and proved (0 checks)
  coursework.TowPlane at coursework.ads:192 flow analyzed (0 errors, 0 checks and 0 warnings) and proved (1 checks)
  coursework.UnlockCockpitDoor at coursework.ads:105 flow analyzed (0 errors, 0 checks and 0 warnings) and proved (1 checks)
  coursework.UnlockExternalDoors at coursework.ads:129 flow analyzed (0 errors, 0 checks and 0 warnings) and proved (1 checks)
in unit main, 0 subprograms and packages out of 1 analyzed
  Main at main.adb:4 skipped
